\BOOKMARK [1][]{section.1}{\376\377\0001\000.\000\040\137\025\212\000}{}% 1
\BOOKMARK [2][]{subsection.1.1}{\376\377\0001\000.\0001\000\040\170\024\172\166\135\345\117\134\166\204\200\314\146\157\123\312\141\017\116\111}{section.1}% 2
\BOOKMARK [2][]{subsection.1.2}{\376\377\0001\000.\0002\000\040\126\375\121\205\131\026\170\024\172\166\163\260\162\266}{section.1}% 3
\BOOKMARK [2][]{subsection.1.3}{\376\377\0001\000.\0003\000\040\116\073\211\201\170\024\172\166\121\205\133\271}{section.1}% 4
\BOOKMARK [2][]{subsection.1.4}{\376\377\0001\000.\0004\000\040\213\272\145\207\176\323\147\204\176\304\176\307}{section.1}% 5
\BOOKMARK [1][]{section.2}{\376\377\0002\000.\000\040\174\373\176\337\152\041\127\213\123\312\164\006\140\363\142\020\120\317\116\377\167\037}{}% 6
\BOOKMARK [2][]{subsection.2.1}{\376\377\0002\000.\0001\000\040\142\020\120\317\174\373\176\337\152\041\127\213\124\214\123\071\221\115\156\344\154\342\123\237\164\006}{section.2}% 7
\BOOKMARK [2][]{subsection.2.2}{\376\377\0002\000.\0002\000\040\164\006\140\363\116\377\167\037\142\020\120\317}{section.2}% 8
\BOOKMARK [2][]{subsection.2.3}{\376\377\0002\000.\0003\000\040\164\006\140\363\142\020\120\317\116\377\167\037\176\323\147\234}{section.2}% 9
\BOOKMARK [1][]{section.3}{\376\377\0003\000.\000\040\200\003\206\121\230\221\120\117\155\210\226\144\166\204\142\020\120\317\116\377\167\037}{}% 10
\BOOKMARK [2][]{subsection.3.1}{\376\377\0003\000.\0001\000\040\000C\000S\000I\230\221\120\117\152\041\127\213}{section.3}% 11
\BOOKMARK [2][]{subsection.3.2}{\376\377\0003\000.\0002\000\040\000C\000S\000I\230\221\120\117\155\210\226\144\166\204\145\271\154\325}{section.3}% 12
\BOOKMARK [2][]{subsection.3.3}{\376\377\0003\000.\0003\000\040\176\323\124\010\000C\000S\000I\121\161\217\155\166\370\116\130\124\214\000P\000A\000R\000A\000F\000A\000C\173\227\154\325\166\204\230\221\120\117\155\210\226\144\142\020\120\317}{section.3}% 13
\BOOKMARK [2][]{subsection.3.4}{\376\377\0003\000.\0004\000\040\200\003\206\121\230\221\120\117\155\210\226\144\166\204\142\020\120\317\116\377\167\037\176\323\147\234\133\371\153\324}{section.3}% 14
\BOOKMARK [1][]{section.4}{\376\377\0004\000.\000\040\136\224\165\050\122\115\146\157\377\032\122\006\136\003\137\017\142\020\120\317}{}% 15
\BOOKMARK [2][]{subsection.4.1}{\376\377\0004\000.\0001\000\040\122\006\136\003\137\017\142\020\120\317\116\377\167\037\176\323\147\234\133\371\153\324}{section.4}% 16
\BOOKMARK [2][]{subsection.4.2}{\376\377\0004\000.\0002\000\040\176\323\124\010\000P\000A\000R\000A\000F\000A\000C\173\227\154\325\166\204\122\006\136\003\137\017\142\020\120\317\116\377\167\037\176\323\147\234}{section.4}% 17
\BOOKMARK [1][]{section.5}{\376\377\0005\000.\000\040\127\372\116\216\145\160\143\247\133\374\217\150\166\204\173\200\123\125\133\236\155\113\142\020\120\317}{}% 18
\BOOKMARK [2][]{subsection.5.1}{\376\377\0005\000.\0001\000\040\133\236\232\214\213\276\177\156}{section.5}% 19
\BOOKMARK [2][]{subsection.5.2}{\376\377\0005\000.\0002\000\040\220\350\122\006\133\236\155\113\127\072\146\157\123\312\133\236\155\113\176\323\147\234}{section.5}% 20
\BOOKMARK [3][]{subsubsection.5.2.1}{\376\377\0005\000.\0002\000.\0001\000\040\133\236\232\214\127\072\146\157\116\000\377\032\000N\000=\0003\0002\133\371\166\356\150\007\000/\117\341\156\220\142\020\120\317}{subsection.5.2}% 21
\BOOKMARK [3][]{subsubsection.5.2.2}{\376\377\0005\000.\0002\000.\0002\000\040\133\236\232\214\127\072\146\157\116\214\377\032\000N\000=\0006\0004\133\371\166\356\150\007\142\020\120\317}{subsection.5.2}% 22
\BOOKMARK [1][]{section.6}{\376\377\0006\000.\000\040\140\073\176\323}{}% 23
\BOOKMARK [1][]{section.6}{\376\377\123\302\200\003\145\207\163\056}{}% 24
\BOOKMARK [1][]{section*.19}{\376\377\201\364\214\042}{}% 25
